# JRE version: Java(TM) SE Runtime Environment (15.0.1+9) (build 15.0.1+9-18)
# Java VM: Java HotSpot(TM) 64-Bit Server VM (15.0.1+9-18, mixed mode, sharing, tiered, compressed oops, g1 gc, windows-amd64)
GC Precious Log:
 CPUs: 12 total, 12 available
 Memory: 32693M
 Large Page Support: Disabled
 NUMA Support: Disabled
 Compressed Oops: Enabled (Zero based)
 Heap Region Size: 4M
 Heap Min Capacity: 8M
 Heap Initial Capacity: 512M
 Heap Max Capacity: 8176M
 Pre-touch: Disabled
 Parallel Workers: 10
 Concurrent Workers: 3
 Concurrent Refinement Workers: 10
 Periodic GC: Disabled
Heap:
 garbage-first heap   total 163840K, used 64573K [0x0000000601000000, 0x0000000800000000)
  region size 4096K, 6 young (24576K), 2 survivors (8192K)
 Metaspace       used 72431K, capacity 73260K, committed 73420K, reserved 1112064K
  class space    used 9603K, capacity 9877K, committed 9984K, reserved 1048576K
GC Heap History (20 events):
Event: 4.542 GC heap after
{Heap after GC invocations=11 (full 0):
 garbage-first heap   total 122880K, used 32035K [0x0000000601000000, 0x0000000800000000)
  region size 4096K, 2 young (8192K), 2 survivors (8192K)
 Metaspace       used 53633K, capacity 54145K, committed 54272K, reserved 1095680K
  class space    used 6966K, capacity 7124K, committed 7168K, reserved 1048576K
}
Event: 4.902 GC heap before
{Heap before GC invocations=11 (full 0):
 garbage-first heap   total 122880K, used 89379K [0x0000000601000000, 0x0000000800000000)
  region size 4096K, 16 young (65536K), 2 survivors (8192K)
 Metaspace       used 55364K, capacity 55940K, committed 56064K, reserved 1097728K
  class space    used 7181K, capacity 7381K, committed 7424K, reserved 1048576K
}
Event: 4.908 GC heap after
{Heap after GC invocations=12 (full 0):
 garbage-first heap   total 323584K, used 33497K [0x0000000601000000, 0x0000000800000000)
  region size 4096K, 2 young (8192K), 2 survivors (8192K)
 Metaspace       used 55364K, capacity 55940K, committed 56064K, reserved 1097728K
  class space    used 7181K, capacity 7381K, committed 7424K, reserved 1048576K
}
Event: 5.208 GC heap before
{Heap before GC invocations=12 (full 0):
 garbage-first heap   total 323584K, used 78553K [0x0000000601000000, 0x0000000800000000)
  region size 4096K, 14 young (57344K), 2 survivors (8192K)
 Metaspace       used 59547K, capacity 60060K, committed 60160K, reserved 1101824K
  class space    used 7774K, capacity 7964K, committed 8064K, reserved 1048576K
}
Event: 5.213 GC heap after
{Heap after GC invocations=13 (full 0):
 garbage-first heap   total 323584K, used 34755K [0x0000000601000000, 0x0000000800000000)
  region size 4096K, 2 young (8192K), 2 survivors (8192K)
 Metaspace       used 59547K, capacity 60060K, committed 60160K, reserved 1101824K
  class space    used 7774K, capacity 7964K, committed 8064K, reserved 1048576K
}
Event: 5.654 GC heap before
{Heap before GC invocations=14 (full 0):
 garbage-first heap   total 163840K, used 124867K [0x0000000601000000, 0x0000000800000000)
  region size 4096K, 24 young (98304K), 2 survivors (8192K)
 Metaspace       used 61458K, capacity 62102K, committed 62284K, reserved 1103872K
  class space    used 8067K, capacity 8272K, committed 8320K, reserved 1048576K
}
Event: 5.660 GC heap after
{Heap after GC invocations=15 (full 0):
 garbage-first heap   total 163840K, used 37336K [0x0000000601000000, 0x0000000800000000)
  region size 4096K, 3 young (12288K), 3 survivors (12288K)
 Metaspace       used 61458K, capacity 62102K, committed 62284K, reserved 1103872K
  class space    used 8067K, capacity 8272K, committed 8320K, reserved 1048576K
}
Event: 5.677 GC heap before
{Heap before GC invocations=15 (full 0):
 garbage-first heap   total 163840K, used 41432K [0x0000000601000000, 0x0000000800000000)
  region size 4096K, 4 young (16384K), 3 survivors (12288K)
 Metaspace       used 61460K, capacity 62105K, committed 62284K, reserved 1103872K
  class space    used 8068K, capacity 8273K, committed 8320K, reserved 1048576K
}
Event: 5.685 GC heap after
{Heap after GC invocations=16 (full 0):
 garbage-first heap   total 163840K, used 37446K [0x0000000601000000, 0x0000000800000000)
  region size 4096K, 1 young (4096K), 1 survivors (4096K)
 Metaspace       used 61460K, capacity 62105K, committed 62284K, reserved 1103872K
  class space    used 8068K, capacity 8273K, committed 8320K, reserved 1048576K
}
Event: 5.946 GC heap before
{Heap before GC invocations=16 (full 0):
 garbage-first heap   total 163840K, used 127558K [0x0000000601000000, 0x0000000800000000)
  region size 4096K, 24 young (98304K), 1 survivors (4096K)
 Metaspace       used 63064K, capacity 63687K, committed 63820K, reserved 1103872K
  class space    used 8253K, capacity 8449K, committed 8576K, reserved 1048576K
}
Event: 5.950 GC heap after
{Heap after GC invocations=17 (full 0):
 garbage-first heap   total 196608K, used 38797K [0x0000000601000000, 0x0000000800000000)
  region size 4096K, 1 young (4096K), 1 survivors (4096K)
 Metaspace       used 63064K, capacity 63687K, committed 63820K, reserved 1103872K
  class space    used 8253K, capacity 8449K, committed 8576K, reserved 1048576K
}
Event: 6.394 GC heap before
{Heap before GC invocations=18 (full 0):
 garbage-first heap   total 163840K, used 133005K [0x0000000601000000, 0x0000000800000000)
  region size 4096K, 24 young (98304K), 1 survivors (4096K)
 Metaspace       used 64705K, capacity 65420K, committed 65484K, reserved 1105920K
  class space    used 8430K, capacity 8654K, committed 8704K, reserved 1048576K
}
Event: 6.399 GC heap after
{Heap after GC invocations=19 (full 0):
 garbage-first heap   total 163840K, used 41463K [0x0000000601000000, 0x0000000800000000)
  region size 4096K, 2 young (8192K), 2 survivors (8192K)
 Metaspace       used 64705K, capacity 65420K, committed 65484K, reserved 1105920K
  class space    used 8430K, capacity 8654K, committed 8704K, reserved 1048576K
}
Event: 6.890 GC heap before
{Heap before GC invocations=19 (full 0):
 garbage-first heap   total 163840K, used 131575K [0x0000000601000000, 0x0000000800000000)
  region size 4096K, 24 young (98304K), 2 survivors (8192K)
 Metaspace       used 67508K, capacity 68149K, committed 68428K, reserved 1107968K
  class space    used 8827K, capacity 9063K, committed 9088K, reserved 1048576K
}
Event: 6.897 GC heap after
{Heap after GC invocations=20 (full 0):
 garbage-first heap   total 163840K, used 45520K [0x0000000601000000, 0x0000000800000000)
  region size 4096K, 3 young (12288K), 3 survivors (12288K)
 Metaspace       used 67508K, capacity 68149K, committed 68428K, reserved 1107968K
  class space    used 8827K, capacity 9063K, committed 9088K, reserved 1048576K
}
Event: 7.298 GC heap before
{Heap before GC invocations=20 (full 0):
 garbage-first heap   total 163840K, used 131536K [0x0000000601000000, 0x0000000800000000)
  region size 4096K, 24 young (98304K), 3 survivors (12288K)
 Metaspace       used 69385K, capacity 70087K, committed 70220K, reserved 1110016K
  class space    used 9078K, capacity 9324K, committed 9344K, reserved 1048576K
}
Event: 7.307 GC heap after
{Heap after GC invocations=21 (full 0):
 garbage-first heap   total 163840K, used 48819K [0x0000000601000000, 0x0000000800000000)
  region size 4096K, 2 young (8192K), 2 survivors (8192K)
 Metaspace       used 69385K, capacity 70087K, committed 70220K, reserved 1110016K
  class space    used 9078K, capacity 9324K, committed 9344K, reserved 1048576K
}
Event: 87.727 GC heap before
{Heap before GC invocations=21 (full 0):
 garbage-first heap   total 163840K, used 130739K [0x0000000601000000, 0x0000000800000000)
  region size 4096K, 22 young (90112K), 2 survivors (8192K)
 Metaspace       used 72127K, capacity 72826K, committed 73036K, reserved 1112064K
  class space    used 9549K, capacity 9775K, committed 9856K, reserved 1048576K
}
Event: 87.735 GC heap after
{Heap after GC invocations=22 (full 0):
 garbage-first heap   total 163840K, used 51015K [0x0000000601000000, 0x0000000800000000)
  region size 4096K, 2 young (8192K), 2 survivors (8192K)
 Metaspace       used 72127K, capacity 72826K, committed 73036K, reserved 1112064K
  class space    used 9549K, capacity 9775K, committed 9856K, reserved 1048576K
}
Event: 112.753 GC heap before
{Heap before GC invocations=22 (full 0):
 garbage-first heap   total 163840K, used 63303K [0x0000000601000000, 0x0000000800000000)
  region size 4096K, 6 young (24576K), 2 survivors (8192K)
 Metaspace       used 72431K, capacity 73260K, committed 73420K, reserved 1112064K
  class space    used 9603K, capacity 9877K, committed 9984K, reserved 1048576K
}

